  Environment.cpp
C:\Users\obryan\Documents\Visual Studio 2013\Projects\Bullet Hell Wave Game\Bullet Hell Wave Game\src\Environment.cpp(101,59): warning C4267: 'argument': conversion from 'size_t' to 'int', possible loss of data
  ModLoader.cpp
  Player.cpp
  Powerup.cpp
  Wave.cpp
C:\Users\obryan\Documents\Visual Studio 2013\Projects\Bullet Hell Wave Game\Bullet Hell Wave Game\src\Wave.cpp(43,122): warning C4244: '*=': conversion from 'double' to 'float', possible loss of data
C:\Users\obryan\Documents\Visual Studio 2013\Projects\Bullet Hell Wave Game\Bullet Hell Wave Game\src\Wave.cpp(160,81): warning C4244: 'argument': conversion from 'float' to '_Ty', possible loss of data
          with
          [
              _Ty=int
          ]
C:\Users\obryan\Documents\Visual Studio 2013\Projects\Bullet Hell Wave Game\Bullet Hell Wave Game\src\Wave.cpp(167,34): warning C4244: 'argument': conversion from 'double' to 'const unsigned __int64', possible loss of data
C:\Users\obryan\Documents\Visual Studio 2013\Projects\Bullet Hell Wave Game\Bullet Hell Wave Game\src\Wave.cpp(178,23): warning C4244: 'initializing': conversion from 'double' to 'int', possible loss of data
C:\Users\obryan\Documents\Visual Studio 2013\Projects\Bullet Hell Wave Game\Bullet Hell Wave Game\src\Wave.cpp(185,18): warning C4244: 'argument': conversion from 'int' to 'const _Ty', possible loss of data
          with
          [
              _Ty=float
          ]
C:\Users\obryan\Documents\Visual Studio 2013\Projects\Bullet Hell Wave Game\Bullet Hell Wave Game\src\Wave.cpp(194,38): warning C4244: 'argument': conversion from 'float' to '_Ty', possible loss of data
          with
          [
              _Ty=int
          ]
C:\Users\obryan\Documents\Visual Studio 2013\Projects\Bullet Hell Wave Game\Bullet Hell Wave Game\src\Wave.cpp(195,22): warning C4244: '+=': conversion from 'float' to 'int', possible loss of data
C:\Users\obryan\Documents\Visual Studio 2013\Projects\Bullet Hell Wave Game\Bullet Hell Wave Game\src\Wave.cpp(211,23): warning C4244: 'argument': conversion from 'float' to 'const _Ty', possible loss of data
          with
          [
              _Ty=int
          ]
C:\Users\obryan\Documents\Visual Studio 2013\Projects\Bullet Hell Wave Game\Bullet Hell Wave Game\src\Wave.cpp(217,9): warning C4244: 'initializing': conversion from 'double' to 'int', possible loss of data
C:\Users\obryan\Documents\Visual Studio 2013\Projects\Bullet Hell Wave Game\Bullet Hell Wave Game\src\Wave.cpp(224,30): warning C4244: 'argument': conversion from 'float' to 'int', possible loss of data
C:\Users\obryan\Documents\Visual Studio 2013\Projects\Bullet Hell Wave Game\Bullet Hell Wave Game\src\Wave.cpp(232,19): warning C4244: '*=': conversion from 'double' to '_Ty', possible loss of data
          with
          [
              _Ty=int
          ]
C:\Users\obryan\Documents\Visual Studio 2013\Projects\Bullet Hell Wave Game\Bullet Hell Wave Game\src\Wave.cpp(233,20): warning C4244: '*=': conversion from 'double' to '_Ty', possible loss of data
          with
          [
              _Ty=int
          ]
C:\Users\obryan\Documents\Visual Studio 2013\Projects\Bullet Hell Wave Game\Bullet Hell Wave Game\src\Wave.cpp(234,19): warning C4244: '*=': conversion from 'double' to '_Ty', possible loss of data
          with
          [
              _Ty=int
          ]
C:\Users\obryan\Documents\Visual Studio 2013\Projects\Bullet Hell Wave Game\Bullet Hell Wave Game\src\Wave.cpp(235,19): warning C4244: '*=': conversion from 'double' to '_Ty', possible loss of data
          with
          [
              _Ty=int
          ]
C:\Users\obryan\Documents\Visual Studio 2013\Projects\Bullet Hell Wave Game\Bullet Hell Wave Game\src\Wave.cpp(236,19): warning C4244: '*=': conversion from 'double' to '_Ty', possible loss of data
          with
          [
              _Ty=int
          ]
C:\Users\obryan\Documents\Visual Studio 2013\Projects\Bullet Hell Wave Game\Bullet Hell Wave Game\src\Wave.cpp(237,19): warning C4244: '*=': conversion from 'double' to '_Ty', possible loss of data
          with
          [
              _Ty=int
          ]
  Generating code
  3 of 13792 functions (<0.1%) were compiled, the rest were copied from previous compilation.
    0 functions were new in current compilation
    12 functions had inline decision re-evaluated but remain unchanged
  Finished generating code
  Bullet Hell Wave Game.vcxproj -> C:\Users\obryan\Documents\Visual Studio 2013\Projects\Bullet Hell Wave Game\x64\Release\Bullet Hell Wave Game.exe
