c:\users\obryan\documents\visual studio 2013\projects\bullet hell wave game\x64\release\bullet hell wave game.ipdb
c:\users\obryan\documents\visual studio 2013\projects\bullet hell wave game\x64\release\bullet hell wave game.iobj
c:\users\obryan\documents\visual studio 2013\projects\bullet hell wave game\bullet hell wave game\x64\release\vc142.pdb
c:\users\obryan\documents\visual studio 2013\projects\bullet hell wave game\bullet hell wave game\x64\release\wave.obj
c:\users\obryan\documents\visual studio 2013\projects\bullet hell wave game\bullet hell wave game\x64\release\userinterface.obj
c:\users\obryan\documents\visual studio 2013\projects\bullet hell wave game\bullet hell wave game\x64\release\spawner.obj
c:\users\obryan\documents\visual studio 2013\projects\bullet hell wave game\bullet hell wave game\x64\release\powerup.obj
c:\users\obryan\documents\visual studio 2013\projects\bullet hell wave game\bullet hell wave game\x64\release\player.obj
c:\users\obryan\documents\visual studio 2013\projects\bullet hell wave game\bullet hell wave game\x64\release\modloader.obj
c:\users\obryan\documents\visual studio 2013\projects\bullet hell wave game\bullet hell wave game\x64\release\mod.obj
c:\users\obryan\documents\visual studio 2013\projects\bullet hell wave game\bullet hell wave game\x64\release\main.obj
c:\users\obryan\documents\visual studio 2013\projects\bullet hell wave game\bullet hell wave game\x64\release\input.obj
c:\users\obryan\documents\visual studio 2013\projects\bullet hell wave game\bullet hell wave game\x64\release\environment.obj
c:\users\obryan\documents\visual studio 2013\projects\bullet hell wave game\bullet hell wave game\x64\release\enemy.obj
c:\users\obryan\documents\visual studio 2013\projects\bullet hell wave game\bullet hell wave game\x64\release\console.obj
c:\users\obryan\documents\visual studio 2013\projects\bullet hell wave game\x64\release\bullet hell wave game.exe
c:\users\obryan\documents\visual studio 2013\projects\bullet hell wave game\x64\release\bullet hell wave game.pdb
c:\users\obryan\documents\visual studio 2013\projects\bullet hell wave game\bullet hell wave game\x64\release\bullet h.0d248301.tlog\bullet hell wave game.write.1u.tlog
c:\users\obryan\documents\visual studio 2013\projects\bullet hell wave game\bullet hell wave game\x64\release\bullet h.0d248301.tlog\cl.command.1.tlog
c:\users\obryan\documents\visual studio 2013\projects\bullet hell wave game\bullet hell wave game\x64\release\bullet h.0d248301.tlog\cl.read.1.tlog
c:\users\obryan\documents\visual studio 2013\projects\bullet hell wave game\bullet hell wave game\x64\release\bullet h.0d248301.tlog\cl.write.1.tlog
c:\users\obryan\documents\visual studio 2013\projects\bullet hell wave game\bullet hell wave game\x64\release\bullet h.0d248301.tlog\link.command.1.tlog
c:\users\obryan\documents\visual studio 2013\projects\bullet hell wave game\bullet hell wave game\x64\release\bullet h.0d248301.tlog\link.delete.1.tlog
c:\users\obryan\documents\visual studio 2013\projects\bullet hell wave game\bullet hell wave game\x64\release\bullet h.0d248301.tlog\link.read.1.tlog
c:\users\obryan\documents\visual studio 2013\projects\bullet hell wave game\bullet hell wave game\x64\release\bullet h.0d248301.tlog\link.write.1.tlog
